Build started 2016-08-29 2:49:54 PM.
     1>Project "C:\Users\Steve\Documents\Engine\src\Dependencies\BulletDynamics.vcxproj" on node 3 (Rebuild target(s)).
     1>ClCompile:
         C:\Program Files (x86)\Microsoft Visual Studio 14.0\VC\bin\CL.exe /c /I..\..\src /Zi /nologo /W3 /WX- /Od /Oy- /D _DEBUG=1 /D _MBCS /Gm- /EHsc /RTC1 /MDd /GS /Gy /fp:fast /Zc:wchar_t /Zc:forScope /Zc:inline /Fo"obj\x32\Debug\BulletDynamics\\" /Fd"..\..\lib\Debug\BulletDynamics_vs2010_debug.pdb" /Gd /TP /analyze- /errorReport:prompt /MP ..\..\src\BulletDynamics\Dynamics\btDiscreteDynamicsWorld.cpp ..\..\src\BulletDynamics\Dynamics\btRigidBody.cpp ..\..\src\BulletDynamics\Dynamics\btSimpleDynamicsWorld.cpp ..\..\src\BulletDynamics\ConstraintSolver\btConeTwistConstraint.cpp ..\..\src\BulletDynamics\ConstraintSolver\btContactConstraint.cpp ..\..\src\BulletDynamics\ConstraintSolver\btFixedConstraint.cpp ..\..\src\BulletDynamics\ConstraintSolver\btGearConstraint.cpp ..\..\src\BulletDynamics\ConstraintSolver\btGeneric6DofConstraint.cpp ..\..\src\BulletDynamics\ConstraintSolver\btGeneric6DofSpring2Constraint.cpp ..\..\src\BulletDynamics\ConstraintSolver\btGeneric6DofSpringConstraint.cpp ..\..\src\BulletDynamics\ConstraintSolver\btHinge2Constraint.cpp ..\..\src\BulletDynamics\ConstraintSolver\btHingeConstraint.cpp ..\..\src\BulletDynamics\ConstraintSolver\btNNCGConstraintSolver.cpp ..\..\src\BulletDynamics\ConstraintSolver\btPoint2PointConstraint.cpp ..\..\src\BulletDynamics\ConstraintSolver\btSequentialImpulseConstraintSolver.cpp ..\..\src\BulletDynamics\ConstraintSolver\btSliderConstraint.cpp ..\..\src\BulletDynamics\ConstraintSolver\btSolve2LinearConstraint.cpp ..\..\src\BulletDynamics\ConstraintSolver\btTypedConstraint.cpp ..\..\src\BulletDynamics\ConstraintSolver\btUniversalConstraint.cpp ..\..\src\BulletDynamics\Featherstone\btMultiBody.cpp ..\..\src\BulletDynamics\Featherstone\btMultiBodyConstraint.cpp ..\..\src\BulletDynamics\Featherstone\btMultiBodyConstraintSolver.cpp ..\..\src\BulletDynamics\Featherstone\btMultiBodyDynamicsWorld.cpp ..\..\src\BulletDynamics\Featherstone\btMultiBodyJointLimitConstraint.cpp ..\..\src\BulletDynamics\Featherstone\btMultiBodyJointMotor.cpp ..\..\src\BulletDynamics\Featherstone\btMultiBodyPoint2Point.cpp ..\..\src\BulletDynamics\MLCPSolvers\btDantzigLCP.cpp ..\..\src\BulletDynamics\MLCPSolvers\btLemkeAlgorithm.cpp ..\..\src\BulletDynamics\MLCPSolvers\btMLCPSolver.cpp ..\..\src\BulletDynamics\Vehicle\btRaycastVehicle.cpp ..\..\src\BulletDynamics\Vehicle\btWheelInfo.cpp ..\..\src\BulletDynamics\Character\btKinematicCharacterController.cpp
         btDiscreteDynamicsWorld.cpp
         btRigidBody.cpp
         btSimpleDynamicsWorld.cpp
         btConeTwistConstraint.cpp
     1>..\..\src\BulletDynamics\ConstraintSolver\btConeTwistConstraint.cpp(868): warning C4244: '=': conversion from 'double' to 'btScalar', possible loss of data
     1>..\..\src\BulletDynamics\ConstraintSolver\btConeTwistConstraint.cpp(913): warning C4244: '=': conversion from 'double' to 'float', possible loss of data
     1>..\..\src\BulletDynamics\ConstraintSolver\btConeTwistConstraint.cpp(973): warning C4244: '=': conversion from 'double' to 'btScalar', possible loss of data
     1>..\..\src\BulletDynamics\ConstraintSolver\btConeTwistConstraint.cpp(975): warning C4244: '=': conversion from 'double' to 'btScalar', possible loss of data
         btContactConstraint.cpp
     1>C:\Users\Steve\Documents\Engine\src\BulletDynamics/ConstraintSolver/btContactConstraint.h(25): warning C4359: 'btContactConstraint': Alignment specifier is less than actual alignment (128), and will be ignored. (compiling source file ..\..\src\BulletDynamics\Dynamics\btDiscreteDynamicsWorld.cpp)
         btFixedConstraint.cpp
     1>c:\users\steve\documents\engine\src\bulletdynamics\constraintsolver\btContactConstraint.h(25): warning C4359: 'btContactConstraint': Alignment specifier is less than actual alignment (128), and will be ignored. (compiling source file ..\..\src\BulletDynamics\ConstraintSolver\btContactConstraint.cpp)
         btGearConstraint.cpp
         btGeneric6DofConstraint.cpp
         btGeneric6DofSpring2Constraint.cpp
         btGeneric6DofSpringConstraint.cpp
         btHinge2Constraint.cpp
         btHingeConstraint.cpp
     1>..\..\src\BulletDynamics\ConstraintSolver\btGeneric6DofSpring2Constraint.cpp(786): warning C4244: 'initializing': conversion from 'double' to 'btScalar', possible loss of data
         btNNCGConstraintSolver.cpp
         btPoint2PointConstraint.cpp
         btSequentialImpulseConstraintSolver.cpp
         btSliderConstraint.cpp
         btSolve2LinearConstraint.cpp
         btTypedConstraint.cpp
         btUniversalConstraint.cpp
         btMultiBody.cpp
         btMultiBodyConstraint.cpp
         btMultiBodyConstraintSolver.cpp
         btMultiBodyDynamicsWorld.cpp
         btMultiBodyJointLimitConstraint.cpp
         btMultiBodyJointMotor.cpp
     1>..\..\src\BulletDynamics\Featherstone\btMultiBodyJointLimitConstraint.cpp(114): warning C4244: 'initializing': conversion from 'int' to 'btScalar', possible loss of data
         btMultiBodyPoint2Point.cpp
         btDantzigLCP.cpp
         btLemkeAlgorithm.cpp
     1>..\..\src\BulletDynamics\MLCPSolvers\btDantzigLCP.cpp(1568): warning C4473: 'printf' : not enough arguments passed for format string
         ..\..\src\BulletDynamics\MLCPSolvers\btDantzigLCP.cpp(1568): note: placeholders and their parameters expect 2 variadic arguments, but 1 were provided
         ..\..\src\BulletDynamics\MLCPSolvers\btDantzigLCP.cpp(1568): note: the missing variadic argument 2 is required by format string '% s'
         btMLCPSolver.cpp
         btRaycastVehicle.cpp
         btWheelInfo.cpp
         btKinematicCharacterController.cpp
     1>C:\Users\Steve\Documents\Engine\src\BulletDynamics/ConstraintSolver/btContactConstraint.h(25): warning C4359: 'btContactConstraint': Alignment specifier is less than actual alignment (128), and will be ignored. (compiling source file ..\..\src\BulletDynamics\Vehicle\btRaycastVehicle.cpp)
       Lib:
         C:\Program Files (x86)\Microsoft Visual Studio 14.0\VC\bin\Lib.exe /OUT:"..\..\lib\Debug\BulletDynamics_vs2010_debug.lib" /NOLOGO /MACHINE:X86 obj\x32\Debug\BulletDynamics\btDiscreteDynamicsWorld.obj
         obj\x32\Debug\BulletDynamics\btRigidBody.obj
         obj\x32\Debug\BulletDynamics\btSimpleDynamicsWorld.obj
         obj\x32\Debug\BulletDynamics\btConeTwistConstraint.obj
         obj\x32\Debug\BulletDynamics\btContactConstraint.obj
         obj\x32\Debug\BulletDynamics\btFixedConstraint.obj
         obj\x32\Debug\BulletDynamics\btGearConstraint.obj
         obj\x32\Debug\BulletDynamics\btGeneric6DofConstraint.obj
         obj\x32\Debug\BulletDynamics\btGeneric6DofSpring2Constraint.obj
         obj\x32\Debug\BulletDynamics\btGeneric6DofSpringConstraint.obj
         obj\x32\Debug\BulletDynamics\btHinge2Constraint.obj
         obj\x32\Debug\BulletDynamics\btHingeConstraint.obj
         obj\x32\Debug\BulletDynamics\btNNCGConstraintSolver.obj
         obj\x32\Debug\BulletDynamics\btPoint2PointConstraint.obj
         obj\x32\Debug\BulletDynamics\btSequentialImpulseConstraintSolver.obj
         obj\x32\Debug\BulletDynamics\btSliderConstraint.obj
         obj\x32\Debug\BulletDynamics\btSolve2LinearConstraint.obj
         obj\x32\Debug\BulletDynamics\btTypedConstraint.obj
         obj\x32\Debug\BulletDynamics\btUniversalConstraint.obj
         obj\x32\Debug\BulletDynamics\btMultiBody.obj
         obj\x32\Debug\BulletDynamics\btMultiBodyConstraint.obj
         obj\x32\Debug\BulletDynamics\btMultiBodyConstraintSolver.obj
         obj\x32\Debug\BulletDynamics\btMultiBodyDynamicsWorld.obj
         obj\x32\Debug\BulletDynamics\btMultiBodyJointLimitConstraint.obj
         obj\x32\Debug\BulletDynamics\btMultiBodyJointMotor.obj
         obj\x32\Debug\BulletDynamics\btMultiBodyPoint2Point.obj
         obj\x32\Debug\BulletDynamics\btDantzigLCP.obj
         obj\x32\Debug\BulletDynamics\btLemkeAlgorithm.obj
         obj\x32\Debug\BulletDynamics\btMLCPSolver.obj
         obj\x32\Debug\BulletDynamics\btRaycastVehicle.obj
         obj\x32\Debug\BulletDynamics\btWheelInfo.obj
         obj\x32\Debug\BulletDynamics\btKinematicCharacterController.obj
         BulletDynamics.vcxproj -> C:\Users\Steve\Documents\Engine\src\Dependencies\..\..\lib\Debug\BulletDynamics_vs2010_debug.lib
     1>Done Building Project "C:\Users\Steve\Documents\Engine\src\Dependencies\BulletDynamics.vcxproj" (Rebuild target(s)).

Build succeeded.

Time Elapsed 00:00:11.67
